<?xml version="1.0" encoding="UTF-8"?>
<testng-results ignored="0" total="1" passed="1" failed="0" skipped="0">
  <reporter-output>
  </reporter-output>
  <suite started-at="2020-11-27T05:42:42Z" name="Bigbasket" finished-at="2020-11-27T05:43:20Z" duration-ms="38074">
    <groups>
    </groups>
    <test started-at="2020-11-27T05:42:42Z" name="BigbasketApp Test" finished-at="2020-11-27T05:43:20Z" duration-ms="38074">
      <class name="com.bigbasket.testcases.TC_Bigbasket">
        <test-method is-config="true" signature="setup(java.lang.String)[pri:0, instance:com.bigbasket.testcases.TC_Bigbasket@3098cf3b]" started-at="2020-11-27T05:42:42Z" name="setup" finished-at="2020-11-27T05:42:56Z" duration-ms="13773" status="PASS">
          <params>
            <param index="0">
              <value>
                <![CDATA[chrome]]>
              </value>
            </param>
          </params>
          <reporter-output>
          </reporter-output>
        </test-method> <!-- setup -->
        <test-method signature="loginTest()[pri:0, instance:com.bigbasket.testcases.TC_Bigbasket@3098cf3b]" started-at="2020-11-27T05:42:56Z" name="loginTest" finished-at="2020-11-27T05:43:18Z" duration-ms="22565" status="PASS">
          <reporter-output>
          </reporter-output>
        </test-method> <!-- loginTest -->
        <test-method is-config="true" signature="tearDown()[pri:0, instance:com.bigbasket.testcases.TC_Bigbasket@3098cf3b]" started-at="2020-11-27T05:43:18Z" name="tearDown" finished-at="2020-11-27T05:43:20Z" duration-ms="1274" status="PASS">
          <reporter-output>
          </reporter-output>
        </test-method> <!-- tearDown -->
      </class> <!-- com.bigbasket.testcases.TC_Bigbasket -->
    </test> <!-- BigbasketApp Test -->
  </suite> <!-- Bigbasket -->
</testng-results>
